[2024.05.15-05.37.17:434][  0]Log file open, 05/15/24 07:37:17
[2024.05.15-05.37.17:434][  0]LogMemory: Platform Memory Stats for WindowsServer
[2024.05.15-05.37.17:434][  0]LogMemory: Process Physical Memory: 252.09 MB used, 280.49 MB peak
[2024.05.15-05.37.17:434][  0]LogMemory: Process Virtual Memory: 273.66 MB used, 273.66 MB peak
[2024.05.15-05.37.17:434][  0]LogMemory: Physical Memory: 491672.69 MB used,  540164.44 MB free, 1031837.13 MB total
[2024.05.15-05.37.17:434][  0]LogMemory: Virtual Memory: 605686.31 MB used,  688294.88 MB free, 1293981.13 MB total
[2024.05.15-05.37.17:995][  0]ARK Version: 41.28
[2024.05.15-05.37.18:205][  0]LogCFCore: SetSettings called:
{
	"defaultLanguage": "en",
	"gameId": 83374,
	"apiKey": "*****1aZe",
	"maxConcurrentInstallations": 3,
	"modsDirectory": "ShooterGame/Mods",
	"modsDirectoryMode": "CFCore",
	"userDataDirectory": "ShooterGame/ModsUserData",
	"isServer": true,
	"isServerPcOnly": false,
	"throttling":
	{
		"diskWriteBytesPerSec": 0
	},
	"premiumMods":
	{
		"publicKeyPem": "*****"
	},
	"logger":
	{
		"enabled": true,
		"history": 8,
		"maxSizeInMB": 2
	}
}
[2024.05.15-05.37.18:205][  0]LogCFCore: Warning: Couldn't load mods library from disk
[2024.05.15-05.37.18:205][  0]LogCFCore: User context not loaded from disk
[2024.05.15-05.37.18:737][  0]Primal Game Data Took 0.53 seconds
[2024.05.15-05.37.19:205][  0]Server Initializing with BattlEye Anti-Cheat Protection. If you do not wish to use BattlEye, please launch with -NoBattlEye
[2024.05.15-05.37.19:206][  0]BattlEye successfully started.
[2024.05.15-05.38.33:163][  0]Server: "Ark buxy" has successfully started!
[2024.05.15-05.38.43:712][  0]Commandline:  TheIsland_WP?listen?Port=5570?AltSaveDirectoryName=SavedArks?RCONEnabled=True?RCONServerGameLogBuffer=600?RCONPort=11570?ForceFlyerExplosives=false?bAllowPlatformSaddleMultiFloors=false?EnableCryopodNerf=true -NitradoQueryPort=15570 -WinLiveMaxPlayers=20 -IP=31.214.216.98 -multihome=31.214.216.98 -ServerIP=31.214.216.98 -nosteamclient -game -ActiveEvent=None -lowmemory -nosound -sm4 -server -log -nitradotest -culture=en -EnableSteelShield -ServerPlatform=PC+PS5+XSX+WINGDK -servergamelogincludetribelogs -GBUSageToForceRestart=62
[2024.05.15-05.38.43:712][  0]Full Startup: 86.81 seconds
[2024.05.15-05.38.43:712][  0]Number of cores 48
[2024.05.15-05.38.43:924][  0]No spawn additional explorer notes to spawn
[2024.05.15-05.48.50:001][113]FNetGUIDCache::PeriodicCleanAndCompact:   0.04ms total time [  0.02ms CleanReferences() and   0.02ms compacting]; ObjectLookup.Num()=0 [0 removed]; NetGUIDLookup.Num()=0 [0 removed]
[2024.05.15-05.58.50:504][238]FNetGUIDCache::PeriodicCleanAndCompact:   0.02ms total time [  0.01ms CleanReferences() and   0.01ms compacting]; ObjectLookup.Num()=0 [0 removed]; NetGUIDLookup.Num()=0 [0 removed]
[2024.05.15-06.08.51:015][349]FNetGUIDCache::PeriodicCleanAndCompact:   0.01ms total time [  0.00ms CleanReferences() and   0.01ms compacting]; ObjectLookup.Num()=0 [0 removed]; NetGUIDLookup.Num()=0 [0 removed]
[2024.05.15-06.18.51:042][482]FNetGUIDCache::PeriodicCleanAndCompact:   0.02ms total time [  0.00ms CleanReferences() and   0.02ms compacting]; ObjectLookup.Num()=0 [0 removed]; NetGUIDLookup.Num()=0 [0 removed]
[2024.05.15-06.28.51:540][605]FNetGUIDCache::PeriodicCleanAndCompact:   0.02ms total time [  0.00ms CleanReferences() and   0.02ms compacting]; ObjectLookup.Num()=0 [0 removed]; NetGUIDLookup.Num()=0 [0 removed]
[2024.05.15-06.38.52:030][724]FNetGUIDCache::PeriodicCleanAndCompact:   0.02ms total time [  0.01ms CleanReferences() and   0.01ms compacting]; ObjectLookup.Num()=0 [0 removed]; NetGUIDLookup.Num()=0 [0 removed]
[2024.05.15-06.48.52:057][857]FNetGUIDCache::PeriodicCleanAndCompact:   0.03ms total time [  0.00ms CleanReferences() and   0.03ms compacting]; ObjectLookup.Num()=0 [0 removed]; NetGUIDLookup.Num()=0 [0 removed]
[2024.05.15-06.58.52:559][974]FNetGUIDCache::PeriodicCleanAndCompact:   0.02ms total time [  0.00ms CleanReferences() and   0.01ms compacting]; ObjectLookup.Num()=0 [0 removed]; NetGUIDLookup.Num()=0 [0 removed]
[2024.05.15-07.07.37:581][803]Garbage Collection Triggered!
[2024.05.15-07.07.39:136][830]IP for incoming account 00021c0e6d304828b6fea65286ee4dc3 - IP 37.169.84.113
[2024.05.15-07.08.53:445][ 58]FNetGUIDCache::PeriodicCleanAndCompact:   1.43ms total time [  1.27ms CleanReferences() and   0.15ms compacting]; ObjectLookup.Num()=8233 [0 removed]; NetGUIDLookup.Num()=8117 [116 removed]
[2024.05.15-07.18.53:468][179]FNetGUIDCache::PeriodicCleanAndCompact:   2.67ms total time [  2.19ms CleanReferences() and   0.48ms compacting]; ObjectLookup.Num()=10372 [810 removed]; NetGUIDLookup.Num()=10061 [1004 removed]
[2024.05.15-07.19.37:862][520]Garbage Collection Triggered!
[2024.05.15-07.28.53:515][252]FNetGUIDCache::PeriodicCleanAndCompact:   3.53ms total time [  3.02ms CleanReferences() and   0.50ms compacting]; ObjectLookup.Num()=11126 [1309 removed]; NetGUIDLookup.Num()=10853 [1231 removed]
[2024.05.15-07.31.37:912][217]Garbage Collection Triggered!
[2024.05.15-07.38.53:549][335]FNetGUIDCache::PeriodicCleanAndCompact:   2.69ms total time [  2.27ms CleanReferences() and   0.42ms compacting]; ObjectLookup.Num()=11127 [841 removed]; NetGUIDLookup.Num()=10969 [721 removed]
[2024.05.15-07.43.37:957][921]Garbage Collection Triggered!
[2024.05.15-07.48.53:595][435]FNetGUIDCache::PeriodicCleanAndCompact:   7.45ms total time [  6.31ms CleanReferences() and   1.14ms compacting]; ObjectLookup.Num()=26889 [2686 removed]; NetGUIDLookup.Num()=26732 [2678 removed]
[2024.05.15-07.55.38:005][621]Garbage Collection Triggered!
[2024.05.15-07.58.53:644][517]FNetGUIDCache::PeriodicCleanAndCompact:   7.58ms total time [  6.58ms CleanReferences() and   1.00ms compacting]; ObjectLookup.Num()=26889 [590 removed]; NetGUIDLookup.Num()=26772 [548 removed]
[2024.05.15-08.07.38:064][327]Garbage Collection Triggered!
[2024.05.15-08.08.53:671][599]FNetGUIDCache::PeriodicCleanAndCompact:   7.41ms total time [  6.36ms CleanReferences() and   1.05ms compacting]; ObjectLookup.Num()=26958 [447 removed]; NetGUIDLookup.Num()=26770 [516 removed]
[2024.05.15-08.18.53:710][725]FNetGUIDCache::PeriodicCleanAndCompact:   7.40ms total time [  6.28ms CleanReferences() and   1.13ms compacting]; ObjectLookup.Num()=26909 [254 removed]; NetGUIDLookup.Num()=26830 [144 removed]
[2024.05.15-08.19.38:116][ 65]Garbage Collection Triggered!
[2024.05.15-08.28.53:732][806]FNetGUIDCache::PeriodicCleanAndCompact:   6.20ms total time [  5.21ms CleanReferences() and   0.99ms compacting]; ObjectLookup.Num()=26935 [596 removed]; NetGUIDLookup.Num()=26828 [622 removed]
[2024.05.15-08.31.38:162][773]Garbage Collection Triggered!
[2024.05.15-08.38.53:786][879]FNetGUIDCache::PeriodicCleanAndCompact:   7.23ms total time [  6.02ms CleanReferences() and   1.20ms compacting]; ObjectLookup.Num()=27105 [518 removed]; NetGUIDLookup.Num()=27000 [516 removed]
[2024.05.15-08.43.38:221][466]Garbage Collection Triggered!
[2024.05.15-08.48.53:824][985]FNetGUIDCache::PeriodicCleanAndCompact:   6.73ms total time [  5.67ms CleanReferences() and   1.06ms compacting]; ObjectLookup.Num()=27006 [746 removed]; NetGUIDLookup.Num()=26854 [781 removed]
[2024.05.15-08.55.38:283][170]Garbage Collection Triggered!
[2024.05.15-08.58.53:866][ 64]FNetGUIDCache::PeriodicCleanAndCompact:   6.62ms total time [  5.38ms CleanReferences() and   1.24ms compacting]; ObjectLookup.Num()=27170 [459 removed]; NetGUIDLookup.Num()=27009 [463 removed]
[2024.05.15-09.07.38:342][879]Garbage Collection Triggered!
[2024.05.15-09.08.53:898][152]FNetGUIDCache::PeriodicCleanAndCompact:   6.35ms total time [  5.28ms CleanReferences() and   1.07ms compacting]; ObjectLookup.Num()=27474 [280 removed]; NetGUIDLookup.Num()=27212 [381 removed]
[2024.05.15-09.18.53:924][267]FNetGUIDCache::PeriodicCleanAndCompact:   6.92ms total time [  5.84ms CleanReferences() and   1.08ms compacting]; ObjectLookup.Num()=27247 [2763 removed]; NetGUIDLookup.Num()=27134 [2597 removed]
[2024.05.15-09.19.38:387][610]Garbage Collection Triggered!
[2024.05.15-09.28.53:961][345]FNetGUIDCache::PeriodicCleanAndCompact:  10.26ms total time [  9.11ms CleanReferences() and   1.15ms compacting]; ObjectLookup.Num()=27406 [373 removed]; NetGUIDLookup.Num()=27259 [407 removed]
[2024.05.15-09.31.38:431][312]Garbage Collection Triggered!
[2024.05.15-09.38.53:987][428]FNetGUIDCache::PeriodicCleanAndCompact:   6.60ms total time [  5.58ms CleanReferences() and   1.02ms compacting]; ObjectLookup.Num()=27356 [215 removed]; NetGUIDLookup.Num()=27245 [179 removed]
[2024.05.15-09.43.38:478][ 21]Garbage Collection Triggered!
[2024.05.15-09.48.54:035][545]FNetGUIDCache::PeriodicCleanAndCompact:   7.44ms total time [  6.01ms CleanReferences() and   1.43ms compacting]; ObjectLookup.Num()=27429 [250 removed]; NetGUIDLookup.Num()=27293 [275 removed]
[2024.05.15-09.55.38:530][734]Garbage Collection Triggered!
[2024.05.15-09.58.54:083][627]FNetGUIDCache::PeriodicCleanAndCompact:   6.55ms total time [  5.47ms CleanReferences() and   1.08ms compacting]; ObjectLookup.Num()=27838 [1126 removed]; NetGUIDLookup.Num()=27593 [1035 removed]
[2024.05.15-10.07.38:597][438]Garbage Collection Triggered!
[2024.05.15-10.08.54:112][703]FNetGUIDCache::PeriodicCleanAndCompact:   7.00ms total time [  5.85ms CleanReferences() and   1.15ms compacting]; ObjectLookup.Num()=27963 [511 removed]; NetGUIDLookup.Num()=27747 [480 removed]
[2024.05.15-10.18.54:144][820]FNetGUIDCache::PeriodicCleanAndCompact:   9.32ms total time [  8.22ms CleanReferences() and   1.10ms compacting]; ObjectLookup.Num()=28173 [2643 removed]; NetGUIDLookup.Num()=27827 [2769 removed]
[2024.05.15-10.19.38:663][164]Garbage Collection Triggered!
[2024.05.15-10.28.54:187][899]FNetGUIDCache::PeriodicCleanAndCompact:   7.99ms total time [  6.91ms CleanReferences() and   1.08ms compacting]; ObjectLookup.Num()=27660 [800 removed]; NetGUIDLookup.Num()=27507 [607 removed]
[2024.05.15-10.31.38:726][869]Garbage Collection Triggered!
[2024.05.15-10.38.54:226][986]FNetGUIDCache::PeriodicCleanAndCompact:   7.70ms total time [  6.58ms CleanReferences() and   1.12ms compacting]; ObjectLookup.Num()=27643 [520 removed]; NetGUIDLookup.Num()=27560 [450 removed]
[2024.05.15-10.43.38:797][578]Garbage Collection Triggered!
[2024.05.15-10.48.54:278][ 76]FNetGUIDCache::PeriodicCleanAndCompact:   6.88ms total time [  5.89ms CleanReferences() and   0.99ms compacting]; ObjectLookup.Num()=28244 [1037 removed]; NetGUIDLookup.Num()=27966 [1221 removed]
[2024.05.15-10.55.38:863][270]Garbage Collection Triggered!
[2024.05.15-10.58.54:343][157]FNetGUIDCache::PeriodicCleanAndCompact:   9.32ms total time [  7.25ms CleanReferences() and   2.07ms compacting]; ObjectLookup.Num()=27716 [819 removed]; NetGUIDLookup.Num()=27608 [637 removed]
[2024.05.15-11.07.38:917][968]Garbage Collection Triggered!
[2024.05.15-11.07.55:111][447]IP for incoming account 0002becf0fe9428582b9453e9cb1f292 - IP 37.65.101.226
[2024.05.15-11.08.54:391][184]FNetGUIDCache::PeriodicCleanAndCompact:   6.60ms total time [  5.68ms CleanReferences() and   0.92ms compacting]; ObjectLookup.Num()=28556 [202 removed]; NetGUIDLookup.Num()=28436 [210 removed]
